<?xml version="1.0" encoding="UTF-8"?>
<testsuite xmlns:xsi="http://www.w3.org/2001/XMLSchema-instance" xsi:noNamespaceSchemaLocation="https://maven.apache.org/surefire/maven-surefire-plugin/xsd/surefire-test-report-3.0.xsd" version="3.0" name="com.midgardbot.config.ConfigValidatorTest" time="0.015" tests="2" errors="0" skipped="0" failures="0">
  <properties>
[...]
</properties>
  <testcase name="validate_throwsException_containsTokenKey" classname="com.midgardbot.config.ConfigValidatorTest" time="0.009">
    <system-out><![CDATA[09:59:26.886 [main] DEBUG c.midgardbot.config.BotConfig - Iniciando configura├º├úo...
09:59:26.886 [main] INFO  c.midgardbot.config.BotConfig - Perfil ativo: nonexistent_profile_for_test (arquivo: config.nonexistent_profile_for_test.env)
09:59:26.887 [main] ERROR c.midgardbot.config.BotConfig - Arquivo de configura├º├úo do perfil 'nonexistent_profile_for_test' n├úo encontrado: config.nonexistent_profile_for_test.env
09:59:26.887 [main] INFO  c.midgardbot.config.BotConfig - Crie o arquivo config.nonexistent_profile_for_test.env com as configura├º├Áes do servidor de teste.
09:59:26.888 [main] INFO  c.midgardbot.config.BotConfig - Voc├¬ pode copiar o config.env.example como base.
09:59:26.893 [main] INFO  c.m.config.ConfigValidator - Validando configura├º├Áes...
]]></system-out>
  </testcase>
  <testcase name="validate_withoutToken_throwsConfigurationException" classname="com.midgardbot.config.ConfigValidatorTest" time="0.004">
    <system-out><![CDATA[09:59:26.896 [main] DEBUG c.midgardbot.config.BotConfig - Iniciando configura├º├úo...
09:59:26.896 [main] INFO  c.midgardbot.config.BotConfig - Perfil ativo: nonexistent_profile_for_test (arquivo: config.nonexistent_profile_for_test.env)
09:59:26.896 [main] ERROR c.midgardbot.config.BotConfig - Arquivo de configura├º├úo do perfil 'nonexistent_profile_for_test' n├úo encontrado: config.nonexistent_profile_for_test.env
09:59:26.896 [main] INFO  c.midgardbot.config.BotConfig - Crie o arquivo config.nonexistent_profile_for_test.env com as configura├º├Áes do servidor de teste.
09:59:26.896 [main] INFO  c.midgardbot.config.BotConfig - Voc├¬ pode copiar o config.env.example como base.
09:59:26.898 [main] INFO  c.m.config.ConfigValidator - Validando configura├º├Áes...
]]></system-out>
  </testcase>
</testsuite>